<?xml version="1.0" encoding="UTF-8"?>
<!-- Generated by org.testng.reporters.JUnitXMLReporter -->
<testsuite ignored="0" hostname="DSK-4052" failures="0" tests="6" name="Default test" time="449.353" errors="0" timestamp="2023-08-03T19:21:28 IST">
  <testcase classname="newCar.HPNR.Acquisition_Quotes_HPNR_BCH_edit_flow_with_maintenance_Test" name="open_saved_quote_and_edit_road_tax_for_first_year" time="81.355"/>
  <testcase classname="newCar.HPNR.Acquisition_Quotes_HPNR_BCH_edit_flow_with_maintenance_Test" name="open_quote_summary_and_verify_values_after_editing_road_tax_for_first_year" time="78.788"/>
  <testcase classname="newCar.HPNR.Acquisition_Quotes_HPNR_BCH_edit_flow_with_maintenance_Test" name="open_saved_quote_and_edit_holding_cost_editable_values" time="41.583"/>
  <testcase classname="newCar.HPNR.Acquisition_Quotes_HPNR_BCH_edit_flow_with_maintenance_Test" name="open_quote_summary_and_verify_values_after_editing_holding_cost_values" time="77.397"/>
  <testcase classname="newCar.HPNR.Acquisition_Quotes_HPNR_BCH_edit_flow_with_maintenance_Test" name="open_saved_quote_and_edit_customer_quote_editable_values" time="69.971"/>
  <testcase classname="newCar.HPNR.Acquisition_Quotes_HPNR_BCH_edit_flow_with_maintenance_Test" name="open_quote_summary_and_verify_values_after_editing_customer_quote_values" time="82.495"/>
</testsuite> <!-- Default test -->
