<?xml version="1.0" encoding="UTF-8"?>
<!-- Generated by org.testng.reporters.JUnitXMLReporter -->
<testsuite ignored="0" hostname="DSK-4052" failures="0" tests="2" name="Default test" time="115.153" errors="0" timestamp="2023-08-14T19:24:19 IST">
  <testcase classname="newCar.HPNR.Acquisition_Quotes_Refresh_Link_Verification_Test" name="verify_refresh_link_on_OTR_page" time="55.278"/>
  <testcase classname="newCar.HPNR.Acquisition_Quotes_Refresh_Link_Verification_Test" name="verify_refresh_link_on_OTR_page" time="44.62"/>
</testsuite> <!-- Default test -->
