<?xml version="1.0" encoding="UTF-8"?>
<testng-results ignored="0" total="2" passed="2" failed="0" skipped="0">
  <reporter-output>
    <line>
      <![CDATA[<b>Opening Acquisition Quote for Quote number YTD56528</b> <br />]]>
    </line>
    <line>
      <![CDATA[<b>Clicking on Show expired quotes</b> <br />]]>
    </line>
    <line>
      <![CDATA[<b></b> <br />]]>
    </line>
    <line>
      <![CDATA[<b>OTR page is opened</b> <br />]]>
    </line>
    <line>
      <![CDATA[<b>Refresh Link is available on Contract types & OTR for quote no. YTD56528</b> <br />]]>
    </line>
    <line>
      <![CDATA[<b>Road Tax For First Year Before Refreshing is 1100.00</b> <br />]]>
    </line>
    <line>
      <![CDATA[<b>First Registration Fee Before Refreshing is 55.00</b> <br />]]>
    </line>
    <line>
      <![CDATA[<b>Road Tax For First Year After  Refreshing is 585.00</b> <br />]]>
    </line>
    <line>
      <![CDATA[<b>First Registration Fee After Refreshing is 55.00</b> <br />]]>
    </line>
    <line>
      <![CDATA[<b>Refresh Link was not worked on Contract types & OTR page for quote no YTD56528</b> <br />]]>
    </line>
    <line>
      <![CDATA[<b>Opening Acquisition Quote for Quote number GED97884</b> <br />]]>
    </line>
    <line>
      <![CDATA[<b>Clicking on Show expired quotes</b> <br />]]>
    </line>
    <line>
      <![CDATA[<b></b> <br />]]>
    </line>
    <line>
      <![CDATA[<b>OTR page is opened</b> <br />]]>
    </line>
    <line>
      <![CDATA[<b>Refresh Link is available on Contract types & OTR for quote no. GED97884</b> <br />]]>
    </line>
    <line>
      <![CDATA[<b>Road Tax For First Year Before Refreshing is 180.00</b> <br />]]>
    </line>
    <line>
      <![CDATA[<b>First Registration Fee Before Refreshing is 55.00</b> <br />]]>
    </line>
    <line>
      <![CDATA[<b>Road Tax For First Year After  Refreshing is 180.00</b> <br />]]>
    </line>
    <line>
      <![CDATA[<b>First Registration Fee After Refreshing is 55.00</b> <br />]]>
    </line>
    <line>
      <![CDATA[<b>Refresh Link was not worked on Contract types & OTR page for quote no GED97884</b> <br />]]>
    </line>
  </reporter-output>
  <suite started-at="2023-08-14T19:22:24 IST" name="Default suite" finished-at="2023-08-14T19:24:19 IST" duration-ms="115153">
    <groups>
    </groups>
    <test started-at="2023-08-14T19:22:24 IST" name="Default test" finished-at="2023-08-14T19:24:19 IST" duration-ms="115153">
      <class name="newCar.HPNR.Acquisition_Quotes_Refresh_Link_Verification_Test">
        <test-method is-config="true" signature="start_info()[pri:0, instance:newCar.HPNR.Acquisition_Quotes_Refresh_Link_Verification_Test@6e9175d8]" started-at="2023-08-14T19:22:24 IST" name="start_info" finished-at="2023-08-14T19:22:24 IST" duration-ms="6" status="PASS">
          <reporter-output>
          </reporter-output>
        </test-method> <!-- start_info -->
        <test-method is-config="true" signature="setup()[pri:0, instance:newCar.HPNR.Acquisition_Quotes_Refresh_Link_Verification_Test@6e9175d8]" started-at="2023-08-14T19:22:24 IST" name="setup" finished-at="2023-08-14T19:22:38 IST" duration-ms="13960" status="PASS">
          <reporter-output>
          </reporter-output>
        </test-method> <!-- setup -->
        <test-method signature="verify_refresh_link_on_OTR_page(java.lang.String)[pri:1, instance:newCar.HPNR.Acquisition_Quotes_Refresh_Link_Verification_Test@6e9175d8]" started-at="2023-08-14T19:22:39 IST" name="verify_refresh_link_on_OTR_page" data-provider="testData" finished-at="2023-08-14T19:23:35 IST" duration-ms="55278" status="PASS">
          <params>
            <param index="0">
              <value>
                <![CDATA[YTD56528]]>
              </value>
            </param>
          </params>
          <reporter-output>
            <line>
              <![CDATA[<b>Opening Acquisition Quote for Quote number YTD56528</b> <br />]]>
            </line>
            <line>
              <![CDATA[<b>Clicking on Show expired quotes</b> <br />]]>
            </line>
            <line>
              <![CDATA[<b></b> <br />]]>
            </line>
            <line>
              <![CDATA[<b>OTR page is opened</b> <br />]]>
            </line>
            <line>
              <![CDATA[<b>Refresh Link is available on Contract types & OTR for quote no. YTD56528</b> <br />]]>
            </line>
            <line>
              <![CDATA[<b>Road Tax For First Year Before Refreshing is 1100.00</b> <br />]]>
            </line>
            <line>
              <![CDATA[<b>First Registration Fee Before Refreshing is 55.00</b> <br />]]>
            </line>
            <line>
              <![CDATA[<b>Road Tax For First Year After  Refreshing is 585.00</b> <br />]]>
            </line>
            <line>
              <![CDATA[<b>First Registration Fee After Refreshing is 55.00</b> <br />]]>
            </line>
            <line>
              <![CDATA[<b>Refresh Link was not worked on Contract types & OTR page for quote no YTD56528</b> <br />]]>
            </line>
          </reporter-output>
        </test-method> <!-- verify_refresh_link_on_OTR_page -->
        <test-method signature="verify_refresh_link_on_OTR_page(java.lang.String)[pri:1, instance:newCar.HPNR.Acquisition_Quotes_Refresh_Link_Verification_Test@6e9175d8]" started-at="2023-08-14T19:23:35 IST" name="verify_refresh_link_on_OTR_page" data-provider="testData" finished-at="2023-08-14T19:24:19 IST" duration-ms="44620" status="PASS">
          <params>
            <param index="0">
              <value>
                <![CDATA[GED97884]]>
              </value>
            </param>
          </params>
          <reporter-output>
            <line>
              <![CDATA[<b>Opening Acquisition Quote for Quote number GED97884</b> <br />]]>
            </line>
            <line>
              <![CDATA[<b>Clicking on Show expired quotes</b> <br />]]>
            </line>
            <line>
              <![CDATA[<b></b> <br />]]>
            </line>
            <line>
              <![CDATA[<b>OTR page is opened</b> <br />]]>
            </line>
            <line>
              <![CDATA[<b>Refresh Link is available on Contract types & OTR for quote no. GED97884</b> <br />]]>
            </line>
            <line>
              <![CDATA[<b>Road Tax For First Year Before Refreshing is 180.00</b> <br />]]>
            </line>
            <line>
              <![CDATA[<b>First Registration Fee Before Refreshing is 55.00</b> <br />]]>
            </line>
            <line>
              <![CDATA[<b>Road Tax For First Year After  Refreshing is 180.00</b> <br />]]>
            </line>
            <line>
              <![CDATA[<b>First Registration Fee After Refreshing is 55.00</b> <br />]]>
            </line>
            <line>
              <![CDATA[<b>Refresh Link was not worked on Contract types & OTR page for quote no GED97884</b> <br />]]>
            </line>
          </reporter-output>
        </test-method> <!-- verify_refresh_link_on_OTR_page -->
        <test-method is-config="true" signature="end()[pri:0, instance:newCar.HPNR.Acquisition_Quotes_Refresh_Link_Verification_Test@6e9175d8]" started-at="2023-08-14T19:24:19 IST" name="end" finished-at="2023-08-14T19:24:19 IST" duration-ms="0" status="PASS">
          <reporter-output>
          </reporter-output>
        </test-method> <!-- end -->
      </class> <!-- newCar.HPNR.Acquisition_Quotes_Refresh_Link_Verification_Test -->
    </test> <!-- Default test -->
  </suite> <!-- Default suite -->
</testng-results>
