<?xml version="1.0" encoding="UTF-8"?>
<testng-results ignored="0" total="6" passed="6" failed="0" skipped="0">
  <reporter-output>
    <line>
      <![CDATA[<b></b> <br />]]>
    </line>
    <line>
      <![CDATA[<b>Sending Road tax for first year 1100 from test data to sceen</b> <br />]]>
    </line>
    <line>
      <![CDATA[<b>*************OTR Calulation on quote summary page has been started************</b> <br />]]>
    </line>
    <line>
      <![CDATA[<b>Reading values from OTR calculation -Quote Summary Page</b> <br />]]>
    </line>
    <line>
      <![CDATA[<b></b> <br />]]>
    </line>
    <line>
      <![CDATA[<b>Cost otr price from screen is 59040.0</b> <br />]]>
    </line>
    <line>
      <![CDATA[<b>Cost price ex vat and rfl from screen is 48237.5</b> <br />]]>
    </line>
    <line>
      <![CDATA[<b>Otr Vat from screen is 9647.5</b> <br />]]>
    </line>
    <line>
      <![CDATA[<b>Otr rfl and frf from screen is 1155.0</b> <br />]]>
    </line>
    <line>
      <![CDATA[<b></b> <br />]]>
    </line>
    <line>
      <![CDATA[<b>Cost otr price from excel is 59040.0</b> <br />]]>
    </line>
    <line>
      <![CDATA[<b>Cost price ex vat and rfl from excel is 48237.5</b> <br />]]>
    </line>
    <line>
      <![CDATA[<b>Otr Vat from excel is 9647.5</b> <br />]]>
    </line>
    <line>
      <![CDATA[<b>Otr rfl and frf from excel is 1155.0</b> <br />]]>
    </line>
    <line>
      <![CDATA[<b></b> <br />]]>
    </line>
    <line>
      <![CDATA[<b>OTR price compared</b> <br />]]>
    </line>
    <line>
      <![CDATA[<b>Cost price ex vat and rfl compared</b> <br />]]>
    </line>
    <line>
      <![CDATA[<b>VAT compared</b> <br />]]>
    </line>
    <line>
      <![CDATA[<b>RFL & FRF compared</b> <br />]]>
    </line>
    <line>
      <![CDATA[<b>*************Holding Cost Calulation on quote summary page has been started************</b> <br />]]>
    </line>
    <line>
      <![CDATA[<b>Reading values from Holding Cost summary -Quote Summary Page</b> <br />]]>
    </line>
    <line>
      <![CDATA[<b></b> <br />]]>
    </line>
    <line>
      <![CDATA[<b>Holding cost Terms from screen35.0</b> <br />]]>
    </line>
    <line>
      <![CDATA[<b>Holding cost miles per annum from screen is 35000.0</b> <br />]]>
    </line>
    <line>
      <![CDATA[<b>Holding cost monthly finance cost from screen is 1297.13</b> <br />]]>
    </line>
    <line>
      <![CDATA[<b>Holding cost monthly maint cost used from screen is 66.99</b> <br />]]>
    </line>
    <line>
      <![CDATA[<b>Holding cost total monthly holding cost from screen is 1364.12</b> <br />]]>
    </line>
    <line>
      <![CDATA[<b></b> <br />]]>
    </line>
    <line>
      <![CDATA[<b>Holding cost Terms from excel is 35.0</b> <br />]]>
    </line>
    <line>
      <![CDATA[<b>Holding cost miles per annum from excel is 35000.0</b> <br />]]>
    </line>
    <line>
      <![CDATA[<b>Holding cost monthly finance cost from excel is 1297.1268031180246</b> <br />]]>
    </line>
    <line>
      <![CDATA[<b>Holding cost monthly maint cost used from excel is 66.99</b> <br />]]>
    </line>
    <line>
      <![CDATA[<b>Holding cost total monthly holding cost from excel is 1364.1168031180246</b> <br />]]>
    </line>
    <line>
      <![CDATA[<b>terms compared</b> <br />]]>
    </line>
    <line>
      <![CDATA[<b>Miles per annum compared</b> <br />]]>
    </line>
    <line>
      <![CDATA[<b>Finance cost compared</b> <br />]]>
    </line>
    <line>
      <![CDATA[<b>Maint cost used  compared</b> <br />]]>
    </line>
    <line>
      <![CDATA[<b>Total Monthly Holding Cost compared</b> <br />]]>
    </line>
    <line>
      <![CDATA[<b></b> <br />]]>
    </line>
    <line>
      <![CDATA[<b>********Balance Due value started verifying**********</b> <br />]]>
    </line>
    <line>
      <![CDATA[<b>Balance due value Actual from screen is -2760.01</b> <br />]]>
    </line>
    <line>
      <![CDATA[<b></b> <br />]]>
    </line>
    <line>
      <![CDATA[<b>Balance due value Expected from Excel is -2760.0119999999997</b> <br />]]>
    </line>
    <line>
      <![CDATA[<b></b> <br />]]>
    </line>
    <line>
      <![CDATA[<b>Balance due value (with part exchange values) is verified and found ok</b> <br />]]>
    </line>
    <line>
      <![CDATA[<b>*************Customer Quote Calulation on quote summary page has been started************</b> <br />]]>
    </line>
    <line>
      <![CDATA[<b>Terms found OK</b> <br />]]>
    </line>
    <line>
      <![CDATA[<b>miles found OK</b> <br />]]>
    </line>
    <line>
      <![CDATA[<b>Monthly Finance Rental found OK</b> <br />]]>
    </line>
    <line>
      <![CDATA[<b>Monthly Maintenance Rental found OK</b> <br />]]>
    </line>
    <line>
      <![CDATA[<b>Initial Finance Rental found OK</b> <br />]]>
    </line>
    <line>
      <![CDATA[<b>Initial Maint Rental found OK</b> <br />]]>
    </line>
    <line>
      <![CDATA[<b>Initial Total Rental found OK</b> <br />]]>
    </line>
    <line>
      <![CDATA[<b>Part Exchange Value - found OK</b> <br />]]>
    </line>
    <line>
      <![CDATA[<b>Followed By months - found OK</b> <br />]]>
    </line>
    <line>
      <![CDATA[<b>Pence per excess mile finance - found OK</b> <br />]]>
    </line>
    <line>
      <![CDATA[<b>Pence per excess mile Maintenance - found OK</b> <br />]]>
    </line>
    <line>
      <![CDATA[<b>Pence per excess mile total - found OK</b> <br />]]>
    </line>
    <line>
      <![CDATA[<b>Document Fee - found OK</b> <br />]]>
    </line>
    <line>
      <![CDATA[<b>Upsell - found OK</b> <br />]]>
    </line>
    <line>
      <![CDATA[<b>Default Finance Commission - found OK</b> <br />]]>
    </line>
    <line>
      <![CDATA[<b>Upsell Commission - found OK</b> <br />]]>
    </line>
    <line>
      <![CDATA[<b>Maintenance Commission - found OK</b> <br />]]>
    </line>
    <line>
      <![CDATA[<b>Document Fee Commission - found OK</b> <br />]]>
    </line>
    <line>
      <![CDATA[<b>Total Commission - found OK</b> <br />]]>
    </line>
    <line>
      <![CDATA[<b>Referrer Commission - found OK</b> <br />]]>
    </line>
    <line>
      <![CDATA[<b>*************Configuration Values Verification on quote summary page has been started************</b> <br />]]>
    </line>
    <line>
      <![CDATA[<b>Base Interest Rate found OK</b> <br />]]>
    </line>
    <line>
      <![CDATA[<b>Finance Margin found OK</b> <br />]]>
    </line>
    <line>
      <![CDATA[<b>Deductions found OK</b> <br />]]>
    </line>
    <line>
      <![CDATA[<b>Additional Margin found OK</b> <br />]]>
    </line>
    <line>
      <![CDATA[<b>Total Margin found OK</b> <br />]]>
    </line>
    <line>
      <![CDATA[<b>Default Broker Margin percentage found OK</b> <br />]]>
    </line>
    <line>
      <![CDATA[<b>Broker Upsell Margin percentage found OK</b> <br />]]>
    </line>
    <line>
      <![CDATA[<b>Broker Upsell Margin  found OK</b> <br />]]>
    </line>
    <line>
      <![CDATA[<b>Maintenance Margin  found OK</b> <br />]]>
    </line>
    <line>
      <![CDATA[<b>Document Fee Margin  found OK</b> <br />]]>
    </line>
    <line>
      <![CDATA[<b>Refferer Margin  found OK</b> <br />]]>
    </line>
    <line>
      <![CDATA[<b>***********Entered in holding cost page ***********</b> <br />]]>
    </line>
    <line>
      <![CDATA[<b>Clicked on holding cost summary</b> <br />]]>
    </line>
    <line>
      <![CDATA[<b></b> <br />]]>
    </line>
    <line>
      <![CDATA[<b>Editing % CAP Residual Value and % CAP Maintenance cost used</b> <br />]]>
    </line>
    <line>
      <![CDATA[<b>Changing % CAP Residual Value (from test  data) to 74</b> <br />]]>
    </line>
    <line>
      <![CDATA[<b>Changing % CAP Maintenance cost (from test  data) to 81</b> <br />]]>
    </line>
    <line>
      <![CDATA[<b>Writing Holding Cost Summary values to excel has been started</b> <br />]]>
    </line>
    <line>
      <![CDATA[<b>Writing Holding Cost Summary values to excel has been completed</b> <br />]]>
    </line>
    <line>
      <![CDATA[<b>Reading Monthly Holding Cost value from excel has been started</b> <br />]]>
    </line>
    <line>
      <![CDATA[<b>Reading Monthly Holding Cost value from excel has been completed</b> <br />]]>
    </line>
    <line>
      <![CDATA[<b>Total_monthly_holding_cost_from_screen =1,368.66</b> <br />]]>
    </line>
    <line>
      <![CDATA[<b>Total_monthly_holding_cost_from_excel =1368.6582219602085</b> <br />]]>
    </line>
    <line>
      <![CDATA[<b>Total Monthly Holding Cost After Editing % Residual Value and % Maintenance Cost is Verified and Found OK</b> <br />]]>
    </line>
    <line>
      <![CDATA[<b></b> <br />]]>
    </line>
    <line>
      <![CDATA[<b>Editing Residual value and Maintenance cost used</b> <br />]]>
    </line>
    <line>
      <![CDATA[<b>Changing Residual Value (from test data) to  =52000</b> <br />]]>
    </line>
    <line>
      <![CDATA[<b>Changing Maintenance Cost used (from test data) to =440</b> <br />]]>
    </line>
    <line>
      <![CDATA[<b>Writing Holding Cost Summary values to excel has been started</b> <br />]]>
    </line>
    <line>
      <![CDATA[<b>Writing Holding Cost Summary values to excel has been completed</b> <br />]]>
    </line>
    <line>
      <![CDATA[<b>Reading Monthly Holding Cost value from excel has been started</b> <br />]]>
    </line>
    <line>
      <![CDATA[<b>Reading Monthly Holding Cost value from excel has been completed</b> <br />]]>
    </line>
    <line>
      <![CDATA[<b>Total_monthly_holding_cost_from_screen =891.17</b> <br />]]>
    </line>
    <line>
      <![CDATA[<b>Total_monthly_holding_cost_from_excel =891.1661522997299</b> <br />]]>
    </line>
    <line>
      <![CDATA[<b>Total Monthly Holding Cost After Editing Residual Value and Maintenance Cost is Verified and Found OK</b> <br />]]>
    </line>
    <line>
      <![CDATA[<b>*************OTR Calulation on quote summary page has been started************</b> <br />]]>
    </line>
    <line>
      <![CDATA[<b>Reading values from OTR calculation -Quote Summary Page</b> <br />]]>
    </line>
    <line>
      <![CDATA[<b></b> <br />]]>
    </line>
    <line>
      <![CDATA[<b>Cost otr price from screen is 59040.0</b> <br />]]>
    </line>
    <line>
      <![CDATA[<b>Cost price ex vat and rfl from screen is 48237.5</b> <br />]]>
    </line>
    <line>
      <![CDATA[<b>Otr Vat from screen is 9647.5</b> <br />]]>
    </line>
    <line>
      <![CDATA[<b>Otr rfl and frf from screen is 1155.0</b> <br />]]>
    </line>
    <line>
      <![CDATA[<b></b> <br />]]>
    </line>
    <line>
      <![CDATA[<b>Cost otr price from excel is 59040.0</b> <br />]]>
    </line>
    <line>
      <![CDATA[<b>Cost price ex vat and rfl from excel is 48237.5</b> <br />]]>
    </line>
    <line>
      <![CDATA[<b>Otr Vat from excel is 9647.5</b> <br />]]>
    </line>
    <line>
      <![CDATA[<b>Otr rfl and frf from excel is 1155.0</b> <br />]]>
    </line>
    <line>
      <![CDATA[<b></b> <br />]]>
    </line>
    <line>
      <![CDATA[<b>OTR price compared</b> <br />]]>
    </line>
    <line>
      <![CDATA[<b>Cost price ex vat and rfl compared</b> <br />]]>
    </line>
    <line>
      <![CDATA[<b>VAT compared</b> <br />]]>
    </line>
    <line>
      <![CDATA[<b>RFL & FRF compared</b> <br />]]>
    </line>
    <line>
      <![CDATA[<b>*************Holding Cost Calulation on quote summary page has been started************</b> <br />]]>
    </line>
    <line>
      <![CDATA[<b>Reading values from Holding Cost summary -Quote Summary Page</b> <br />]]>
    </line>
    <line>
      <![CDATA[<b></b> <br />]]>
    </line>
    <line>
      <![CDATA[<b>Holding cost Terms from screen35.0</b> <br />]]>
    </line>
    <line>
      <![CDATA[<b>Holding cost miles per annum from screen is 35000.0</b> <br />]]>
    </line>
    <line>
      <![CDATA[<b>Holding cost monthly finance cost from screen is 451.17</b> <br />]]>
    </line>
    <line>
      <![CDATA[<b>Holding cost monthly maint cost used from screen is 440.0</b> <br />]]>
    </line>
    <line>
      <![CDATA[<b>Holding cost total monthly holding cost from screen is 891.17</b> <br />]]>
    </line>
    <line>
      <![CDATA[<b></b> <br />]]>
    </line>
    <line>
      <![CDATA[<b>Holding cost Terms from excel is 35.0</b> <br />]]>
    </line>
    <line>
      <![CDATA[<b>Holding cost miles per annum from excel is 35000.0</b> <br />]]>
    </line>
    <line>
      <![CDATA[<b>Holding cost monthly finance cost from excel is 451.16615229972996</b> <br />]]>
    </line>
    <line>
      <![CDATA[<b>Holding cost monthly maint cost used from excel is 440.0</b> <br />]]>
    </line>
    <line>
      <![CDATA[<b>Holding cost total monthly holding cost from excel is 891.1661522997299</b> <br />]]>
    </line>
    <line>
      <![CDATA[<b>terms compared</b> <br />]]>
    </line>
    <line>
      <![CDATA[<b>Miles per annum compared</b> <br />]]>
    </line>
    <line>
      <![CDATA[<b>Finance cost compared</b> <br />]]>
    </line>
    <line>
      <![CDATA[<b>Maint cost used  compared</b> <br />]]>
    </line>
    <line>
      <![CDATA[<b>Total Monthly Holding Cost compared</b> <br />]]>
    </line>
    <line>
      <![CDATA[<b></b> <br />]]>
    </line>
    <line>
      <![CDATA[<b>********Balance Due value started verifying**********</b> <br />]]>
    </line>
    <line>
      <![CDATA[<b>Balance due value Actual from screen is -2760.01</b> <br />]]>
    </line>
    <line>
      <![CDATA[<b></b> <br />]]>
    </line>
    <line>
      <![CDATA[<b>Balance due value Expected from Excel is -2760.0119999999997</b> <br />]]>
    </line>
    <line>
      <![CDATA[<b></b> <br />]]>
    </line>
    <line>
      <![CDATA[<b>Balance due value (with part exchange values) is verified and found ok</b> <br />]]>
    </line>
    <line>
      <![CDATA[<b>*************Customer Quote Calulation on quote summary page has been started************</b> <br />]]>
    </line>
    <line>
      <![CDATA[<b>Terms found OK</b> <br />]]>
    </line>
    <line>
      <![CDATA[<b>miles found OK</b> <br />]]>
    </line>
    <line>
      <![CDATA[<b>Monthly Finance Rental found OK</b> <br />]]>
    </line>
    <line>
      <![CDATA[<b>Monthly Maintenance Rental found OK</b> <br />]]>
    </line>
    <line>
      <![CDATA[<b>Initial Finance Rental found OK</b> <br />]]>
    </line>
    <line>
      <![CDATA[<b>Initial Maint Rental found OK</b> <br />]]>
    </line>
    <line>
      <![CDATA[<b>Initial Total Rental found OK</b> <br />]]>
    </line>
    <line>
      <![CDATA[<b>Part Exchange Value - found OK</b> <br />]]>
    </line>
    <line>
      <![CDATA[<b>Followed By months - found OK</b> <br />]]>
    </line>
    <line>
      <![CDATA[<b>Pence per excess mile finance - found OK</b> <br />]]>
    </line>
    <line>
      <![CDATA[<b>Pence per excess mile Maintenance - found OK</b> <br />]]>
    </line>
    <line>
      <![CDATA[<b>Pence per excess mile total - found OK</b> <br />]]>
    </line>
    <line>
      <![CDATA[<b>Document Fee - found OK</b> <br />]]>
    </line>
    <line>
      <![CDATA[<b>Upsell - found OK</b> <br />]]>
    </line>
    <line>
      <![CDATA[<b>Default Finance Commission - found OK</b> <br />]]>
    </line>
    <line>
      <![CDATA[<b>Upsell Commission - found OK</b> <br />]]>
    </line>
    <line>
      <![CDATA[<b>Maintenance Commission - found OK</b> <br />]]>
    </line>
    <line>
      <![CDATA[<b>Document Fee Commission - found OK</b> <br />]]>
    </line>
    <line>
      <![CDATA[<b>Total Commission - found OK</b> <br />]]>
    </line>
    <line>
      <![CDATA[<b>Referrer Commission - found OK</b> <br />]]>
    </line>
    <line>
      <![CDATA[<b>*************Configuration Values Verification on quote summary page has been started************</b> <br />]]>
    </line>
    <line>
      <![CDATA[<b>Base Interest Rate found OK</b> <br />]]>
    </line>
    <line>
      <![CDATA[<b>Finance Margin found OK</b> <br />]]>
    </line>
    <line>
      <![CDATA[<b>Deductions found OK</b> <br />]]>
    </line>
    <line>
      <![CDATA[<b>Additional Margin found OK</b> <br />]]>
    </line>
    <line>
      <![CDATA[<b>Total Margin found OK</b> <br />]]>
    </line>
    <line>
      <![CDATA[<b>Default Broker Margin percentage found OK</b> <br />]]>
    </line>
    <line>
      <![CDATA[<b>Broker Upsell Margin percentage found OK</b> <br />]]>
    </line>
    <line>
      <![CDATA[<b>Broker Upsell Margin  found OK</b> <br />]]>
    </line>
    <line>
      <![CDATA[<b>Maintenance Margin  found OK</b> <br />]]>
    </line>
    <line>
      <![CDATA[<b>Document Fee Margin  found OK</b> <br />]]>
    </line>
    <line>
      <![CDATA[<b>Refferer Margin  found OK</b> <br />]]>
    </line>
    <line>
      <![CDATA[<b>************Calculations for Customer Quote Page has been started***********</b> <br />]]>
    </line>
    <line>
      <![CDATA[<b>Payment Profile Monthly in Advance option has been selected</b> <br />]]>
    </line>
    <line>
      <![CDATA[<b>Writing values to Excel for customer quote calculation -started</b> <br />]]>
    </line>
    <line>
      <![CDATA[<b>Writing values to Excel for customer quote calculation -completed</b> <br />]]>
    </line>
    <line>
      <![CDATA[<b>Reading  Monthly Finance Rental and monthly maintenance cost from  Excel   -started</b> <br />]]>
    </line>
    <line>
      <![CDATA[<b>Reading  Monthly Finance Rental and monthly maintenance cost from  Excel  -completed</b> <br />]]>
    </line>
    <line>
      <![CDATA[<b>Monthly Finance Rental from Excel is =614.953868472013</b> <br />]]>
    </line>
    <line>
      <![CDATA[<b>Monthly maintenance Rental from Excel is =435.217391304348</b> <br />]]>
    </line>
    <line>
      <![CDATA[<b>Monthly Finance Rental from screen is =614.96</b> <br />]]>
    </line>
    <line>
      <![CDATA[<b>Monthly maintenance Rental from screen is =435.22</b> <br />]]>
    </line>
    <line>
      <![CDATA[<b>Started verifying monthly payments with upsell values</b> <br />]]>
    </line>
    <line>
      <![CDATA[<b>Monthly Finance Rental from screen (after submitting upsell values) is 628.35</b> <br />]]>
    </line>
    <line>
      <![CDATA[<b>Monthly Mainte. Rental from screen (after submitting upsell values) is 435.22</b> <br />]]>
    </line>
    <line>
      <![CDATA[<b>Writing upsell values to excel</b> <br />]]>
    </line>
    <line>
      <![CDATA[<b>Monthly Finance Rental from Excel (after submitting upsell values) is 628.3514321615935</b> <br />]]>
    </line>
    <line>
      <![CDATA[<b>Monthly Mainte. Rental from Excel (after submitting upsell values) is 435.217391304348</b> <br />]]>
    </line>
    <line>
      <![CDATA[<b>Monthly finance and maint. rental (after submitting upsell values) is found OK</b> <br />]]>
    </line>
    <line>
      <![CDATA[<b>Clicked on Part Exchange panel</b> <br />]]>
    </line>
    <line>
      <![CDATA[<b>Monthly Finance Rental from screen (with part exchange values) is 628.35</b> <br />]]>
    </line>
    <line>
      <![CDATA[<b>Monthly Mainte. Rental from screen (with part exchange values) is 435.22</b> <br />]]>
    </line>
    <line>
      <![CDATA[<b>Writing part exchange values to excel</b> <br />]]>
    </line>
    <line>
      <![CDATA[<b>Monthly Finance Rental from Excel (with part exchange values) is 628.3514321615935</b> <br />]]>
    </line>
    <line>
      <![CDATA[<b>Monthly Mainte. Rental from Excel (with part exchange values) is 435.217391304348</b> <br />]]>
    </line>
    <line>
      <![CDATA[<b>Monthly finance and maint. rental (with part exchange values) is found OK</b> <br />]]>
    </line>
    <line>
      <![CDATA[<b>*************OTR Calulation on quote summary page has been started************</b> <br />]]>
    </line>
    <line>
      <![CDATA[<b>Reading values from OTR calculation -Quote Summary Page</b> <br />]]>
    </line>
    <line>
      <![CDATA[<b></b> <br />]]>
    </line>
    <line>
      <![CDATA[<b>Cost otr price from screen is 59040.0</b> <br />]]>
    </line>
    <line>
      <![CDATA[<b>Cost price ex vat and rfl from screen is 48237.5</b> <br />]]>
    </line>
    <line>
      <![CDATA[<b>Otr Vat from screen is 9647.5</b> <br />]]>
    </line>
    <line>
      <![CDATA[<b>Otr rfl and frf from screen is 1155.0</b> <br />]]>
    </line>
    <line>
      <![CDATA[<b></b> <br />]]>
    </line>
    <line>
      <![CDATA[<b>Cost otr price from excel is 59040.0</b> <br />]]>
    </line>
    <line>
      <![CDATA[<b>Cost price ex vat and rfl from excel is 48237.5</b> <br />]]>
    </line>
    <line>
      <![CDATA[<b>Otr Vat from excel is 9647.5</b> <br />]]>
    </line>
    <line>
      <![CDATA[<b>Otr rfl and frf from excel is 1155.0</b> <br />]]>
    </line>
    <line>
      <![CDATA[<b></b> <br />]]>
    </line>
    <line>
      <![CDATA[<b>OTR price compared</b> <br />]]>
    </line>
    <line>
      <![CDATA[<b>Cost price ex vat and rfl compared</b> <br />]]>
    </line>
    <line>
      <![CDATA[<b>VAT compared</b> <br />]]>
    </line>
    <line>
      <![CDATA[<b>RFL & FRF compared</b> <br />]]>
    </line>
    <line>
      <![CDATA[<b>*************Holding Cost Calulation on quote summary page has been started************</b> <br />]]>
    </line>
    <line>
      <![CDATA[<b>Reading values from Holding Cost summary -Quote Summary Page</b> <br />]]>
    </line>
    <line>
      <![CDATA[<b></b> <br />]]>
    </line>
    <line>
      <![CDATA[<b>Holding cost Terms from screen35.0</b> <br />]]>
    </line>
    <line>
      <![CDATA[<b>Holding cost miles per annum from screen is 35000.0</b> <br />]]>
    </line>
    <line>
      <![CDATA[<b>Holding cost monthly finance cost from screen is 451.17</b> <br />]]>
    </line>
    <line>
      <![CDATA[<b>Holding cost monthly maint cost used from screen is 440.0</b> <br />]]>
    </line>
    <line>
      <![CDATA[<b>Holding cost total monthly holding cost from screen is 891.17</b> <br />]]>
    </line>
    <line>
      <![CDATA[<b></b> <br />]]>
    </line>
    <line>
      <![CDATA[<b>Holding cost Terms from excel is 35.0</b> <br />]]>
    </line>
    <line>
      <![CDATA[<b>Holding cost miles per annum from excel is 35000.0</b> <br />]]>
    </line>
    <line>
      <![CDATA[<b>Holding cost monthly finance cost from excel is 451.16615229972996</b> <br />]]>
    </line>
    <line>
      <![CDATA[<b>Holding cost monthly maint cost used from excel is 440.0</b> <br />]]>
    </line>
    <line>
      <![CDATA[<b>Holding cost total monthly holding cost from excel is 891.1661522997299</b> <br />]]>
    </line>
    <line>
      <![CDATA[<b>terms compared</b> <br />]]>
    </line>
    <line>
      <![CDATA[<b>Miles per annum compared</b> <br />]]>
    </line>
    <line>
      <![CDATA[<b>Finance cost compared</b> <br />]]>
    </line>
    <line>
      <![CDATA[<b>Maint cost used  compared</b> <br />]]>
    </line>
    <line>
      <![CDATA[<b>Total Monthly Holding Cost compared</b> <br />]]>
    </line>
    <line>
      <![CDATA[<b></b> <br />]]>
    </line>
    <line>
      <![CDATA[<b>********Balance Due value started verifying**********</b> <br />]]>
    </line>
    <line>
      <![CDATA[<b>Balance due value Actual from screen is -2760.01</b> <br />]]>
    </line>
    <line>
      <![CDATA[<b></b> <br />]]>
    </line>
    <line>
      <![CDATA[<b>Balance due value Expected from Excel is -2760.0119999999997</b> <br />]]>
    </line>
    <line>
      <![CDATA[<b></b> <br />]]>
    </line>
    <line>
      <![CDATA[<b>Balance due value (with part exchange values) is verified and found ok</b> <br />]]>
    </line>
    <line>
      <![CDATA[<b>*************Customer Quote Calulation on quote summary page has been started************</b> <br />]]>
    </line>
    <line>
      <![CDATA[<b>Terms found OK</b> <br />]]>
    </line>
    <line>
      <![CDATA[<b>miles found OK</b> <br />]]>
    </line>
    <line>
      <![CDATA[<b>Monthly Finance Rental found OK</b> <br />]]>
    </line>
    <line>
      <![CDATA[<b>Monthly Maintenance Rental found OK</b> <br />]]>
    </line>
    <line>
      <![CDATA[<b>Initial Finance Rental found OK</b> <br />]]>
    </line>
    <line>
      <![CDATA[<b>Initial Maint Rental found OK</b> <br />]]>
    </line>
    <line>
      <![CDATA[<b>Initial Total Rental found OK</b> <br />]]>
    </line>
    <line>
      <![CDATA[<b>Part Exchange Value - found OK</b> <br />]]>
    </line>
    <line>
      <![CDATA[<b>Followed By months - found OK</b> <br />]]>
    </line>
    <line>
      <![CDATA[<b>Pence per excess mile finance - found OK</b> <br />]]>
    </line>
    <line>
      <![CDATA[<b>Pence per excess mile Maintenance - found OK</b> <br />]]>
    </line>
    <line>
      <![CDATA[<b>Pence per excess mile total - found OK</b> <br />]]>
    </line>
    <line>
      <![CDATA[<b>Document Fee - found OK</b> <br />]]>
    </line>
    <line>
      <![CDATA[<b>Upsell - found OK</b> <br />]]>
    </line>
    <line>
      <![CDATA[<b>Default Finance Commission - found OK</b> <br />]]>
    </line>
    <line>
      <![CDATA[<b>Upsell Commission - found OK</b> <br />]]>
    </line>
    <line>
      <![CDATA[<b>Maintenance Commission - found OK</b> <br />]]>
    </line>
    <line>
      <![CDATA[<b>Document Fee Commission - found OK</b> <br />]]>
    </line>
    <line>
      <![CDATA[<b>Total Commission - found OK</b> <br />]]>
    </line>
    <line>
      <![CDATA[<b>Referrer Commission - found OK</b> <br />]]>
    </line>
    <line>
      <![CDATA[<b>*************Configuration Values Verification on quote summary page has been started************</b> <br />]]>
    </line>
    <line>
      <![CDATA[<b>Base Interest Rate found OK</b> <br />]]>
    </line>
    <line>
      <![CDATA[<b>Finance Margin found OK</b> <br />]]>
    </line>
    <line>
      <![CDATA[<b>Deductions found OK</b> <br />]]>
    </line>
    <line>
      <![CDATA[<b>Additional Margin found OK</b> <br />]]>
    </line>
    <line>
      <![CDATA[<b>Total Margin found OK</b> <br />]]>
    </line>
    <line>
      <![CDATA[<b>Default Broker Margin percentage found OK</b> <br />]]>
    </line>
    <line>
      <![CDATA[<b>Broker Upsell Margin percentage found OK</b> <br />]]>
    </line>
    <line>
      <![CDATA[<b>Broker Upsell Margin  found OK</b> <br />]]>
    </line>
    <line>
      <![CDATA[<b>Maintenance Margin  found OK</b> <br />]]>
    </line>
    <line>
      <![CDATA[<b>Document Fee Margin  found OK</b> <br />]]>
    </line>
    <line>
      <![CDATA[<b>Refferer Margin  found OK</b> <br />]]>
    </line>
  </reporter-output>
  <suite started-at="2023-08-03T19:13:59 IST" name="Default suite" finished-at="2023-08-03T19:21:28 IST" duration-ms="449353">
    <groups>
    </groups>
    <test started-at="2023-08-03T19:13:59 IST" name="Default test" finished-at="2023-08-03T19:21:28 IST" duration-ms="449353">
      <class name="newCar.HPNR.Acquisition_Quotes_HPNR_BCH_edit_flow_with_maintenance_Test">
        <test-method is-config="true" signature="setup()[pri:0, instance:newCar.HPNR.Acquisition_Quotes_HPNR_BCH_edit_flow_with_maintenance_Test@5b1669c0]" started-at="2023-08-03T19:13:59 IST" name="setup" finished-at="2023-08-03T19:14:14 IST" duration-ms="14925" status="PASS">
          <reporter-output>
          </reporter-output>
        </test-method> <!-- setup -->
        <test-method signature="open_saved_quote_and_edit_road_tax_for_first_year(java.lang.String,java.lang.String,java.lang.String,java.lang.String,java.lang.String,java.lang.String,java.lang.String,java.lang.String,java.lang.String,java.lang.String,java.lang.String,java.lang.String,java.lang.String,java.lang.String,java.lang.String,java.lang.String,java.lang.String,java.lang.String,java.lang.String,java.lang.String,java.lang.String,java.lang.String,java.lang.String,java.lang.String,java.lang.String)[pri:1, instance:newCar.HPNR.Acquisition_Quotes_HPNR_BCH_edit_flow_with_maintenance_Test@5b1669c0]" started-at="2023-08-03T19:14:15 IST" name="open_saved_quote_and_edit_road_tax_for_first_year" data-provider="testDataWithoutFunder" finished-at="2023-08-03T19:15:36 IST" duration-ms="81355" status="PASS">
          <params>
            <param index="0">
              <value>
                <![CDATA[65000]]>
              </value>
            </param>
            <param index="1">
              <value>
                <![CDATA[1100]]>
              </value>
            </param>
            <param index="2">
              <value>
                <![CDATA[100]]>
              </value>
            </param>
            <param index="3">
              <value>
                <![CDATA[74]]>
              </value>
            </param>
            <param index="4">
              <value>
                <![CDATA[81]]>
              </value>
            </param>
            <param index="5">
              <value>
                <![CDATA[52000]]>
              </value>
            </param>
            <param index="6">
              <value>
                <![CDATA[440]]>
              </value>
            </param>
            <param index="7">
              <value>
                <![CDATA[10000]]>
              </value>
            </param>
            <param index="8">
              <value>
                <![CDATA[6000]]>
              </value>
            </param>
            <param index="9">
              <value>
                <![CDATA[2000]]>
              </value>
            </param>
            <param index="10">
              <value>
                <![CDATA[1000]]>
              </value>
            </param>
            <param index="11">
              <value>
                <![CDATA[199.99]]>
              </value>
            </param>
            <param index="12">
              <value>
                <![CDATA[800]]>
              </value>
            </param>
            <param index="13">
              <value>
                <![CDATA[600]]>
              </value>
            </param>
            <param index="14">
              <value>
                <![CDATA[350]]>
              </value>
            </param>
            <param index="15">
              <value>
                <![CDATA[41]]>
              </value>
            </param>
            <param index="16">
              <value>
                <![CDATA[41000]]>
              </value>
            </param>
            <param index="17">
              <value>
                <![CDATA[YES]]>
              </value>
            </param>
            <param index="18">
              <value>
                <![CDATA[0.2]]>
              </value>
            </param>
            <param index="19">
              <value>
                <![CDATA[Spread rentals with 12 down]]>
              </value>
            </param>
            <param index="20">
              <value>
                <![CDATA[200]]>
              </value>
            </param>
            <param index="21">
              <value>
                <![CDATA[NO]]>
              </value>
            </param>
            <param index="22">
              <value>
                <![CDATA[0]]>
              </value>
            </param>
            <param index="23">
              <value>
                <![CDATA[HPNRBCHQuoteNoEdit]]>
              </value>
            </param>
            <param index="24">
              <value>
                <![CDATA[Formula1-BCH]]>
              </value>
            </param>
          </params>
          <reporter-output>
            <line>
              <![CDATA[<b></b> <br />]]>
            </line>
            <line>
              <![CDATA[<b>Sending Road tax for first year 1100 from test data to sceen</b> <br />]]>
            </line>
          </reporter-output>
        </test-method> <!-- open_saved_quote_and_edit_road_tax_for_first_year -->
        <test-method signature="open_quote_summary_and_verify_values_after_editing_road_tax_for_first_year(java.lang.String,java.lang.String,java.lang.String,java.lang.String,java.lang.String,java.lang.String,java.lang.String,java.lang.String,java.lang.String,java.lang.String,java.lang.String,java.lang.String,java.lang.String,java.lang.String,java.lang.String,java.lang.String,java.lang.String,java.lang.String,java.lang.String,java.lang.String,java.lang.String,java.lang.String,java.lang.String,java.lang.String,java.lang.String)[pri:2, instance:newCar.HPNR.Acquisition_Quotes_HPNR_BCH_edit_flow_with_maintenance_Test@5b1669c0]" started-at="2023-08-03T19:15:37 IST" name="open_quote_summary_and_verify_values_after_editing_road_tax_for_first_year" data-provider="testDataWithoutFunder" finished-at="2023-08-03T19:16:55 IST" depends-on-methods="newCar.HPNR.Acquisition_Quotes_HPNR_BCH_edit_flow_with_maintenance_Test.open_saved_quote_and_edit_road_tax_for_first_year" duration-ms="78788" status="PASS">
          <params>
            <param index="0">
              <value>
                <![CDATA[65000]]>
              </value>
            </param>
            <param index="1">
              <value>
                <![CDATA[1100]]>
              </value>
            </param>
            <param index="2">
              <value>
                <![CDATA[100]]>
              </value>
            </param>
            <param index="3">
              <value>
                <![CDATA[74]]>
              </value>
            </param>
            <param index="4">
              <value>
                <![CDATA[81]]>
              </value>
            </param>
            <param index="5">
              <value>
                <![CDATA[52000]]>
              </value>
            </param>
            <param index="6">
              <value>
                <![CDATA[440]]>
              </value>
            </param>
            <param index="7">
              <value>
                <![CDATA[10000]]>
              </value>
            </param>
            <param index="8">
              <value>
                <![CDATA[6000]]>
              </value>
            </param>
            <param index="9">
              <value>
                <![CDATA[2000]]>
              </value>
            </param>
            <param index="10">
              <value>
                <![CDATA[1000]]>
              </value>
            </param>
            <param index="11">
              <value>
                <![CDATA[199.99]]>
              </value>
            </param>
            <param index="12">
              <value>
                <![CDATA[800]]>
              </value>
            </param>
            <param index="13">
              <value>
                <![CDATA[600]]>
              </value>
            </param>
            <param index="14">
              <value>
                <![CDATA[350]]>
              </value>
            </param>
            <param index="15">
              <value>
                <![CDATA[41]]>
              </value>
            </param>
            <param index="16">
              <value>
                <![CDATA[41000]]>
              </value>
            </param>
            <param index="17">
              <value>
                <![CDATA[YES]]>
              </value>
            </param>
            <param index="18">
              <value>
                <![CDATA[0.2]]>
              </value>
            </param>
            <param index="19">
              <value>
                <![CDATA[Spread rentals with 12 down]]>
              </value>
            </param>
            <param index="20">
              <value>
                <![CDATA[200]]>
              </value>
            </param>
            <param index="21">
              <value>
                <![CDATA[NO]]>
              </value>
            </param>
            <param index="22">
              <value>
                <![CDATA[0]]>
              </value>
            </param>
            <param index="23">
              <value>
                <![CDATA[HPNRBCHQuoteNoEdit]]>
              </value>
            </param>
            <param index="24">
              <value>
                <![CDATA[Formula1-BCH]]>
              </value>
            </param>
          </params>
          <reporter-output>
            <line>
              <![CDATA[<b>*************OTR Calulation on quote summary page has been started************</b> <br />]]>
            </line>
            <line>
              <![CDATA[<b>Reading values from OTR calculation -Quote Summary Page</b> <br />]]>
            </line>
            <line>
              <![CDATA[<b></b> <br />]]>
            </line>
            <line>
              <![CDATA[<b>Cost otr price from screen is 59040.0</b> <br />]]>
            </line>
            <line>
              <![CDATA[<b>Cost price ex vat and rfl from screen is 48237.5</b> <br />]]>
            </line>
            <line>
              <![CDATA[<b>Otr Vat from screen is 9647.5</b> <br />]]>
            </line>
            <line>
              <![CDATA[<b>Otr rfl and frf from screen is 1155.0</b> <br />]]>
            </line>
            <line>
              <![CDATA[<b></b> <br />]]>
            </line>
            <line>
              <![CDATA[<b>Cost otr price from excel is 59040.0</b> <br />]]>
            </line>
            <line>
              <![CDATA[<b>Cost price ex vat and rfl from excel is 48237.5</b> <br />]]>
            </line>
            <line>
              <![CDATA[<b>Otr Vat from excel is 9647.5</b> <br />]]>
            </line>
            <line>
              <![CDATA[<b>Otr rfl and frf from excel is 1155.0</b> <br />]]>
            </line>
            <line>
              <![CDATA[<b></b> <br />]]>
            </line>
            <line>
              <![CDATA[<b>OTR price compared</b> <br />]]>
            </line>
            <line>
              <![CDATA[<b>Cost price ex vat and rfl compared</b> <br />]]>
            </line>
            <line>
              <![CDATA[<b>VAT compared</b> <br />]]>
            </line>
            <line>
              <![CDATA[<b>RFL & FRF compared</b> <br />]]>
            </line>
            <line>
              <![CDATA[<b>*************Holding Cost Calulation on quote summary page has been started************</b> <br />]]>
            </line>
            <line>
              <![CDATA[<b>Reading values from Holding Cost summary -Quote Summary Page</b> <br />]]>
            </line>
            <line>
              <![CDATA[<b></b> <br />]]>
            </line>
            <line>
              <![CDATA[<b>Holding cost Terms from screen35.0</b> <br />]]>
            </line>
            <line>
              <![CDATA[<b>Holding cost miles per annum from screen is 35000.0</b> <br />]]>
            </line>
            <line>
              <![CDATA[<b>Holding cost monthly finance cost from screen is 1297.13</b> <br />]]>
            </line>
            <line>
              <![CDATA[<b>Holding cost monthly maint cost used from screen is 66.99</b> <br />]]>
            </line>
            <line>
              <![CDATA[<b>Holding cost total monthly holding cost from screen is 1364.12</b> <br />]]>
            </line>
            <line>
              <![CDATA[<b></b> <br />]]>
            </line>
            <line>
              <![CDATA[<b>Holding cost Terms from excel is 35.0</b> <br />]]>
            </line>
            <line>
              <![CDATA[<b>Holding cost miles per annum from excel is 35000.0</b> <br />]]>
            </line>
            <line>
              <![CDATA[<b>Holding cost monthly finance cost from excel is 1297.1268031180246</b> <br />]]>
            </line>
            <line>
              <![CDATA[<b>Holding cost monthly maint cost used from excel is 66.99</b> <br />]]>
            </line>
            <line>
              <![CDATA[<b>Holding cost total monthly holding cost from excel is 1364.1168031180246</b> <br />]]>
            </line>
            <line>
              <![CDATA[<b>terms compared</b> <br />]]>
            </line>
            <line>
              <![CDATA[<b>Miles per annum compared</b> <br />]]>
            </line>
            <line>
              <![CDATA[<b>Finance cost compared</b> <br />]]>
            </line>
            <line>
              <![CDATA[<b>Maint cost used  compared</b> <br />]]>
            </line>
            <line>
              <![CDATA[<b>Total Monthly Holding Cost compared</b> <br />]]>
            </line>
            <line>
              <![CDATA[<b></b> <br />]]>
            </line>
            <line>
              <![CDATA[<b>********Balance Due value started verifying**********</b> <br />]]>
            </line>
            <line>
              <![CDATA[<b>Balance due value Actual from screen is -2760.01</b> <br />]]>
            </line>
            <line>
              <![CDATA[<b></b> <br />]]>
            </line>
            <line>
              <![CDATA[<b>Balance due value Expected from Excel is -2760.0119999999997</b> <br />]]>
            </line>
            <line>
              <![CDATA[<b></b> <br />]]>
            </line>
            <line>
              <![CDATA[<b>Balance due value (with part exchange values) is verified and found ok</b> <br />]]>
            </line>
            <line>
              <![CDATA[<b>*************Customer Quote Calulation on quote summary page has been started************</b> <br />]]>
            </line>
            <line>
              <![CDATA[<b>Terms found OK</b> <br />]]>
            </line>
            <line>
              <![CDATA[<b>miles found OK</b> <br />]]>
            </line>
            <line>
              <![CDATA[<b>Monthly Finance Rental found OK</b> <br />]]>
            </line>
            <line>
              <![CDATA[<b>Monthly Maintenance Rental found OK</b> <br />]]>
            </line>
            <line>
              <![CDATA[<b>Initial Finance Rental found OK</b> <br />]]>
            </line>
            <line>
              <![CDATA[<b>Initial Maint Rental found OK</b> <br />]]>
            </line>
            <line>
              <![CDATA[<b>Initial Total Rental found OK</b> <br />]]>
            </line>
            <line>
              <![CDATA[<b>Part Exchange Value - found OK</b> <br />]]>
            </line>
            <line>
              <![CDATA[<b>Followed By months - found OK</b> <br />]]>
            </line>
            <line>
              <![CDATA[<b>Pence per excess mile finance - found OK</b> <br />]]>
            </line>
            <line>
              <![CDATA[<b>Pence per excess mile Maintenance - found OK</b> <br />]]>
            </line>
            <line>
              <![CDATA[<b>Pence per excess mile total - found OK</b> <br />]]>
            </line>
            <line>
              <![CDATA[<b>Document Fee - found OK</b> <br />]]>
            </line>
            <line>
              <![CDATA[<b>Upsell - found OK</b> <br />]]>
            </line>
            <line>
              <![CDATA[<b>Default Finance Commission - found OK</b> <br />]]>
            </line>
            <line>
              <![CDATA[<b>Upsell Commission - found OK</b> <br />]]>
            </line>
            <line>
              <![CDATA[<b>Maintenance Commission - found OK</b> <br />]]>
            </line>
            <line>
              <![CDATA[<b>Document Fee Commission - found OK</b> <br />]]>
            </line>
            <line>
              <![CDATA[<b>Total Commission - found OK</b> <br />]]>
            </line>
            <line>
              <![CDATA[<b>Referrer Commission - found OK</b> <br />]]>
            </line>
            <line>
              <![CDATA[<b>*************Configuration Values Verification on quote summary page has been started************</b> <br />]]>
            </line>
            <line>
              <![CDATA[<b>Base Interest Rate found OK</b> <br />]]>
            </line>
            <line>
              <![CDATA[<b>Finance Margin found OK</b> <br />]]>
            </line>
            <line>
              <![CDATA[<b>Deductions found OK</b> <br />]]>
            </line>
            <line>
              <![CDATA[<b>Additional Margin found OK</b> <br />]]>
            </line>
            <line>
              <![CDATA[<b>Total Margin found OK</b> <br />]]>
            </line>
            <line>
              <![CDATA[<b>Default Broker Margin percentage found OK</b> <br />]]>
            </line>
            <line>
              <![CDATA[<b>Broker Upsell Margin percentage found OK</b> <br />]]>
            </line>
            <line>
              <![CDATA[<b>Broker Upsell Margin  found OK</b> <br />]]>
            </line>
            <line>
              <![CDATA[<b>Maintenance Margin  found OK</b> <br />]]>
            </line>
            <line>
              <![CDATA[<b>Document Fee Margin  found OK</b> <br />]]>
            </line>
            <line>
              <![CDATA[<b>Refferer Margin  found OK</b> <br />]]>
            </line>
          </reporter-output>
        </test-method> <!-- open_quote_summary_and_verify_values_after_editing_road_tax_for_first_year -->
        <test-method signature="open_saved_quote_and_edit_holding_cost_editable_values(java.lang.String,java.lang.String,java.lang.String,java.lang.String,java.lang.String,java.lang.String,java.lang.String,java.lang.String,java.lang.String,java.lang.String,java.lang.String,java.lang.String,java.lang.String,java.lang.String,java.lang.String,java.lang.String,java.lang.String,java.lang.String,java.lang.String,java.lang.String,java.lang.String,java.lang.String,java.lang.String,java.lang.String,java.lang.String)[pri:3, instance:newCar.HPNR.Acquisition_Quotes_HPNR_BCH_edit_flow_with_maintenance_Test@5b1669c0]" started-at="2023-08-03T19:16:56 IST" name="open_saved_quote_and_edit_holding_cost_editable_values" data-provider="testDataWithoutFunder" finished-at="2023-08-03T19:17:37 IST" depends-on-methods="newCar.HPNR.Acquisition_Quotes_HPNR_BCH_edit_flow_with_maintenance_Test.open_quote_summary_and_verify_values_after_editing_road_tax_for_first_year" duration-ms="41583" status="PASS">
          <params>
            <param index="0">
              <value>
                <![CDATA[65000]]>
              </value>
            </param>
            <param index="1">
              <value>
                <![CDATA[1100]]>
              </value>
            </param>
            <param index="2">
              <value>
                <![CDATA[100]]>
              </value>
            </param>
            <param index="3">
              <value>
                <![CDATA[74]]>
              </value>
            </param>
            <param index="4">
              <value>
                <![CDATA[81]]>
              </value>
            </param>
            <param index="5">
              <value>
                <![CDATA[52000]]>
              </value>
            </param>
            <param index="6">
              <value>
                <![CDATA[440]]>
              </value>
            </param>
            <param index="7">
              <value>
                <![CDATA[10000]]>
              </value>
            </param>
            <param index="8">
              <value>
                <![CDATA[6000]]>
              </value>
            </param>
            <param index="9">
              <value>
                <![CDATA[2000]]>
              </value>
            </param>
            <param index="10">
              <value>
                <![CDATA[1000]]>
              </value>
            </param>
            <param index="11">
              <value>
                <![CDATA[199.99]]>
              </value>
            </param>
            <param index="12">
              <value>
                <![CDATA[800]]>
              </value>
            </param>
            <param index="13">
              <value>
                <![CDATA[600]]>
              </value>
            </param>
            <param index="14">
              <value>
                <![CDATA[350]]>
              </value>
            </param>
            <param index="15">
              <value>
                <![CDATA[41]]>
              </value>
            </param>
            <param index="16">
              <value>
                <![CDATA[41000]]>
              </value>
            </param>
            <param index="17">
              <value>
                <![CDATA[YES]]>
              </value>
            </param>
            <param index="18">
              <value>
                <![CDATA[0.2]]>
              </value>
            </param>
            <param index="19">
              <value>
                <![CDATA[Spread rentals with 12 down]]>
              </value>
            </param>
            <param index="20">
              <value>
                <![CDATA[200]]>
              </value>
            </param>
            <param index="21">
              <value>
                <![CDATA[NO]]>
              </value>
            </param>
            <param index="22">
              <value>
                <![CDATA[0]]>
              </value>
            </param>
            <param index="23">
              <value>
                <![CDATA[HPNRBCHQuoteNoEdit]]>
              </value>
            </param>
            <param index="24">
              <value>
                <![CDATA[Formula1-BCH]]>
              </value>
            </param>
          </params>
          <reporter-output>
            <line>
              <![CDATA[<b>***********Entered in holding cost page ***********</b> <br />]]>
            </line>
            <line>
              <![CDATA[<b>Clicked on holding cost summary</b> <br />]]>
            </line>
            <line>
              <![CDATA[<b></b> <br />]]>
            </line>
            <line>
              <![CDATA[<b>Editing % CAP Residual Value and % CAP Maintenance cost used</b> <br />]]>
            </line>
            <line>
              <![CDATA[<b>Changing % CAP Residual Value (from test  data) to 74</b> <br />]]>
            </line>
            <line>
              <![CDATA[<b>Changing % CAP Maintenance cost (from test  data) to 81</b> <br />]]>
            </line>
            <line>
              <![CDATA[<b>Writing Holding Cost Summary values to excel has been started</b> <br />]]>
            </line>
            <line>
              <![CDATA[<b>Writing Holding Cost Summary values to excel has been completed</b> <br />]]>
            </line>
            <line>
              <![CDATA[<b>Reading Monthly Holding Cost value from excel has been started</b> <br />]]>
            </line>
            <line>
              <![CDATA[<b>Reading Monthly Holding Cost value from excel has been completed</b> <br />]]>
            </line>
            <line>
              <![CDATA[<b>Total_monthly_holding_cost_from_screen =1,368.66</b> <br />]]>
            </line>
            <line>
              <![CDATA[<b>Total_monthly_holding_cost_from_excel =1368.6582219602085</b> <br />]]>
            </line>
            <line>
              <![CDATA[<b>Total Monthly Holding Cost After Editing % Residual Value and % Maintenance Cost is Verified and Found OK</b> <br />]]>
            </line>
            <line>
              <![CDATA[<b></b> <br />]]>
            </line>
            <line>
              <![CDATA[<b>Editing Residual value and Maintenance cost used</b> <br />]]>
            </line>
            <line>
              <![CDATA[<b>Changing Residual Value (from test data) to  =52000</b> <br />]]>
            </line>
            <line>
              <![CDATA[<b>Changing Maintenance Cost used (from test data) to =440</b> <br />]]>
            </line>
            <line>
              <![CDATA[<b>Writing Holding Cost Summary values to excel has been started</b> <br />]]>
            </line>
            <line>
              <![CDATA[<b>Writing Holding Cost Summary values to excel has been completed</b> <br />]]>
            </line>
            <line>
              <![CDATA[<b>Reading Monthly Holding Cost value from excel has been started</b> <br />]]>
            </line>
            <line>
              <![CDATA[<b>Reading Monthly Holding Cost value from excel has been completed</b> <br />]]>
            </line>
            <line>
              <![CDATA[<b>Total_monthly_holding_cost_from_screen =891.17</b> <br />]]>
            </line>
            <line>
              <![CDATA[<b>Total_monthly_holding_cost_from_excel =891.1661522997299</b> <br />]]>
            </line>
            <line>
              <![CDATA[<b>Total Monthly Holding Cost After Editing Residual Value and Maintenance Cost is Verified and Found OK</b> <br />]]>
            </line>
          </reporter-output>
        </test-method> <!-- open_saved_quote_and_edit_holding_cost_editable_values -->
        <test-method signature="open_quote_summary_and_verify_values_after_editing_holding_cost_values(java.lang.String,java.lang.String,java.lang.String,java.lang.String,java.lang.String,java.lang.String,java.lang.String,java.lang.String,java.lang.String,java.lang.String,java.lang.String,java.lang.String,java.lang.String,java.lang.String,java.lang.String,java.lang.String,java.lang.String,java.lang.String,java.lang.String,java.lang.String,java.lang.String,java.lang.String,java.lang.String,java.lang.String,java.lang.String)[pri:4, instance:newCar.HPNR.Acquisition_Quotes_HPNR_BCH_edit_flow_with_maintenance_Test@5b1669c0]" started-at="2023-08-03T19:17:38 IST" name="open_quote_summary_and_verify_values_after_editing_holding_cost_values" data-provider="testDataWithoutFunder" finished-at="2023-08-03T19:18:55 IST" depends-on-methods="newCar.HPNR.Acquisition_Quotes_HPNR_BCH_edit_flow_with_maintenance_Test.open_saved_quote_and_edit_holding_cost_editable_values" duration-ms="77397" status="PASS">
          <params>
            <param index="0">
              <value>
                <![CDATA[65000]]>
              </value>
            </param>
            <param index="1">
              <value>
                <![CDATA[1100]]>
              </value>
            </param>
            <param index="2">
              <value>
                <![CDATA[100]]>
              </value>
            </param>
            <param index="3">
              <value>
                <![CDATA[74]]>
              </value>
            </param>
            <param index="4">
              <value>
                <![CDATA[81]]>
              </value>
            </param>
            <param index="5">
              <value>
                <![CDATA[52000]]>
              </value>
            </param>
            <param index="6">
              <value>
                <![CDATA[440]]>
              </value>
            </param>
            <param index="7">
              <value>
                <![CDATA[10000]]>
              </value>
            </param>
            <param index="8">
              <value>
                <![CDATA[6000]]>
              </value>
            </param>
            <param index="9">
              <value>
                <![CDATA[2000]]>
              </value>
            </param>
            <param index="10">
              <value>
                <![CDATA[1000]]>
              </value>
            </param>
            <param index="11">
              <value>
                <![CDATA[199.99]]>
              </value>
            </param>
            <param index="12">
              <value>
                <![CDATA[800]]>
              </value>
            </param>
            <param index="13">
              <value>
                <![CDATA[600]]>
              </value>
            </param>
            <param index="14">
              <value>
                <![CDATA[350]]>
              </value>
            </param>
            <param index="15">
              <value>
                <![CDATA[41]]>
              </value>
            </param>
            <param index="16">
              <value>
                <![CDATA[41000]]>
              </value>
            </param>
            <param index="17">
              <value>
                <![CDATA[YES]]>
              </value>
            </param>
            <param index="18">
              <value>
                <![CDATA[0.2]]>
              </value>
            </param>
            <param index="19">
              <value>
                <![CDATA[Spread rentals with 12 down]]>
              </value>
            </param>
            <param index="20">
              <value>
                <![CDATA[200]]>
              </value>
            </param>
            <param index="21">
              <value>
                <![CDATA[NO]]>
              </value>
            </param>
            <param index="22">
              <value>
                <![CDATA[0]]>
              </value>
            </param>
            <param index="23">
              <value>
                <![CDATA[HPNRBCHQuoteNoEdit]]>
              </value>
            </param>
            <param index="24">
              <value>
                <![CDATA[Formula1-BCH]]>
              </value>
            </param>
          </params>
          <reporter-output>
            <line>
              <![CDATA[<b>*************OTR Calulation on quote summary page has been started************</b> <br />]]>
            </line>
            <line>
              <![CDATA[<b>Reading values from OTR calculation -Quote Summary Page</b> <br />]]>
            </line>
            <line>
              <![CDATA[<b></b> <br />]]>
            </line>
            <line>
              <![CDATA[<b>Cost otr price from screen is 59040.0</b> <br />]]>
            </line>
            <line>
              <![CDATA[<b>Cost price ex vat and rfl from screen is 48237.5</b> <br />]]>
            </line>
            <line>
              <![CDATA[<b>Otr Vat from screen is 9647.5</b> <br />]]>
            </line>
            <line>
              <![CDATA[<b>Otr rfl and frf from screen is 1155.0</b> <br />]]>
            </line>
            <line>
              <![CDATA[<b></b> <br />]]>
            </line>
            <line>
              <![CDATA[<b>Cost otr price from excel is 59040.0</b> <br />]]>
            </line>
            <line>
              <![CDATA[<b>Cost price ex vat and rfl from excel is 48237.5</b> <br />]]>
            </line>
            <line>
              <![CDATA[<b>Otr Vat from excel is 9647.5</b> <br />]]>
            </line>
            <line>
              <![CDATA[<b>Otr rfl and frf from excel is 1155.0</b> <br />]]>
            </line>
            <line>
              <![CDATA[<b></b> <br />]]>
            </line>
            <line>
              <![CDATA[<b>OTR price compared</b> <br />]]>
            </line>
            <line>
              <![CDATA[<b>Cost price ex vat and rfl compared</b> <br />]]>
            </line>
            <line>
              <![CDATA[<b>VAT compared</b> <br />]]>
            </line>
            <line>
              <![CDATA[<b>RFL & FRF compared</b> <br />]]>
            </line>
            <line>
              <![CDATA[<b>*************Holding Cost Calulation on quote summary page has been started************</b> <br />]]>
            </line>
            <line>
              <![CDATA[<b>Reading values from Holding Cost summary -Quote Summary Page</b> <br />]]>
            </line>
            <line>
              <![CDATA[<b></b> <br />]]>
            </line>
            <line>
              <![CDATA[<b>Holding cost Terms from screen35.0</b> <br />]]>
            </line>
            <line>
              <![CDATA[<b>Holding cost miles per annum from screen is 35000.0</b> <br />]]>
            </line>
            <line>
              <![CDATA[<b>Holding cost monthly finance cost from screen is 451.17</b> <br />]]>
            </line>
            <line>
              <![CDATA[<b>Holding cost monthly maint cost used from screen is 440.0</b> <br />]]>
            </line>
            <line>
              <![CDATA[<b>Holding cost total monthly holding cost from screen is 891.17</b> <br />]]>
            </line>
            <line>
              <![CDATA[<b></b> <br />]]>
            </line>
            <line>
              <![CDATA[<b>Holding cost Terms from excel is 35.0</b> <br />]]>
            </line>
            <line>
              <![CDATA[<b>Holding cost miles per annum from excel is 35000.0</b> <br />]]>
            </line>
            <line>
              <![CDATA[<b>Holding cost monthly finance cost from excel is 451.16615229972996</b> <br />]]>
            </line>
            <line>
              <![CDATA[<b>Holding cost monthly maint cost used from excel is 440.0</b> <br />]]>
            </line>
            <line>
              <![CDATA[<b>Holding cost total monthly holding cost from excel is 891.1661522997299</b> <br />]]>
            </line>
            <line>
              <![CDATA[<b>terms compared</b> <br />]]>
            </line>
            <line>
              <![CDATA[<b>Miles per annum compared</b> <br />]]>
            </line>
            <line>
              <![CDATA[<b>Finance cost compared</b> <br />]]>
            </line>
            <line>
              <![CDATA[<b>Maint cost used  compared</b> <br />]]>
            </line>
            <line>
              <![CDATA[<b>Total Monthly Holding Cost compared</b> <br />]]>
            </line>
            <line>
              <![CDATA[<b></b> <br />]]>
            </line>
            <line>
              <![CDATA[<b>********Balance Due value started verifying**********</b> <br />]]>
            </line>
            <line>
              <![CDATA[<b>Balance due value Actual from screen is -2760.01</b> <br />]]>
            </line>
            <line>
              <![CDATA[<b></b> <br />]]>
            </line>
            <line>
              <![CDATA[<b>Balance due value Expected from Excel is -2760.0119999999997</b> <br />]]>
            </line>
            <line>
              <![CDATA[<b></b> <br />]]>
            </line>
            <line>
              <![CDATA[<b>Balance due value (with part exchange values) is verified and found ok</b> <br />]]>
            </line>
            <line>
              <![CDATA[<b>*************Customer Quote Calulation on quote summary page has been started************</b> <br />]]>
            </line>
            <line>
              <![CDATA[<b>Terms found OK</b> <br />]]>
            </line>
            <line>
              <![CDATA[<b>miles found OK</b> <br />]]>
            </line>
            <line>
              <![CDATA[<b>Monthly Finance Rental found OK</b> <br />]]>
            </line>
            <line>
              <![CDATA[<b>Monthly Maintenance Rental found OK</b> <br />]]>
            </line>
            <line>
              <![CDATA[<b>Initial Finance Rental found OK</b> <br />]]>
            </line>
            <line>
              <![CDATA[<b>Initial Maint Rental found OK</b> <br />]]>
            </line>
            <line>
              <![CDATA[<b>Initial Total Rental found OK</b> <br />]]>
            </line>
            <line>
              <![CDATA[<b>Part Exchange Value - found OK</b> <br />]]>
            </line>
            <line>
              <![CDATA[<b>Followed By months - found OK</b> <br />]]>
            </line>
            <line>
              <![CDATA[<b>Pence per excess mile finance - found OK</b> <br />]]>
            </line>
            <line>
              <![CDATA[<b>Pence per excess mile Maintenance - found OK</b> <br />]]>
            </line>
            <line>
              <![CDATA[<b>Pence per excess mile total - found OK</b> <br />]]>
            </line>
            <line>
              <![CDATA[<b>Document Fee - found OK</b> <br />]]>
            </line>
            <line>
              <![CDATA[<b>Upsell - found OK</b> <br />]]>
            </line>
            <line>
              <![CDATA[<b>Default Finance Commission - found OK</b> <br />]]>
            </line>
            <line>
              <![CDATA[<b>Upsell Commission - found OK</b> <br />]]>
            </line>
            <line>
              <![CDATA[<b>Maintenance Commission - found OK</b> <br />]]>
            </line>
            <line>
              <![CDATA[<b>Document Fee Commission - found OK</b> <br />]]>
            </line>
            <line>
              <![CDATA[<b>Total Commission - found OK</b> <br />]]>
            </line>
            <line>
              <![CDATA[<b>Referrer Commission - found OK</b> <br />]]>
            </line>
            <line>
              <![CDATA[<b>*************Configuration Values Verification on quote summary page has been started************</b> <br />]]>
            </line>
            <line>
              <![CDATA[<b>Base Interest Rate found OK</b> <br />]]>
            </line>
            <line>
              <![CDATA[<b>Finance Margin found OK</b> <br />]]>
            </line>
            <line>
              <![CDATA[<b>Deductions found OK</b> <br />]]>
            </line>
            <line>
              <![CDATA[<b>Additional Margin found OK</b> <br />]]>
            </line>
            <line>
              <![CDATA[<b>Total Margin found OK</b> <br />]]>
            </line>
            <line>
              <![CDATA[<b>Default Broker Margin percentage found OK</b> <br />]]>
            </line>
            <line>
              <![CDATA[<b>Broker Upsell Margin percentage found OK</b> <br />]]>
            </line>
            <line>
              <![CDATA[<b>Broker Upsell Margin  found OK</b> <br />]]>
            </line>
            <line>
              <![CDATA[<b>Maintenance Margin  found OK</b> <br />]]>
            </line>
            <line>
              <![CDATA[<b>Document Fee Margin  found OK</b> <br />]]>
            </line>
            <line>
              <![CDATA[<b>Refferer Margin  found OK</b> <br />]]>
            </line>
          </reporter-output>
        </test-method> <!-- open_quote_summary_and_verify_values_after_editing_holding_cost_values -->
        <test-method signature="open_saved_quote_and_edit_customer_quote_editable_values(java.lang.String,java.lang.String,java.lang.String,java.lang.String,java.lang.String,java.lang.String,java.lang.String,java.lang.String,java.lang.String,java.lang.String,java.lang.String,java.lang.String,java.lang.String,java.lang.String,java.lang.String,java.lang.String,java.lang.String,java.lang.String,java.lang.String,java.lang.String,java.lang.String,java.lang.String,java.lang.String,java.lang.String,java.lang.String)[pri:5, instance:newCar.HPNR.Acquisition_Quotes_HPNR_BCH_edit_flow_with_maintenance_Test@5b1669c0]" started-at="2023-08-03T19:18:55 IST" name="open_saved_quote_and_edit_customer_quote_editable_values" data-provider="testDataWithoutFunder" finished-at="2023-08-03T19:20:05 IST" depends-on-methods="newCar.HPNR.Acquisition_Quotes_HPNR_BCH_edit_flow_with_maintenance_Test.open_quote_summary_and_verify_values_after_editing_holding_cost_values" duration-ms="69971" status="PASS">
          <params>
            <param index="0">
              <value>
                <![CDATA[65000]]>
              </value>
            </param>
            <param index="1">
              <value>
                <![CDATA[1100]]>
              </value>
            </param>
            <param index="2">
              <value>
                <![CDATA[100]]>
              </value>
            </param>
            <param index="3">
              <value>
                <![CDATA[74]]>
              </value>
            </param>
            <param index="4">
              <value>
                <![CDATA[81]]>
              </value>
            </param>
            <param index="5">
              <value>
                <![CDATA[52000]]>
              </value>
            </param>
            <param index="6">
              <value>
                <![CDATA[440]]>
              </value>
            </param>
            <param index="7">
              <value>
                <![CDATA[10000]]>
              </value>
            </param>
            <param index="8">
              <value>
                <![CDATA[6000]]>
              </value>
            </param>
            <param index="9">
              <value>
                <![CDATA[2000]]>
              </value>
            </param>
            <param index="10">
              <value>
                <![CDATA[1000]]>
              </value>
            </param>
            <param index="11">
              <value>
                <![CDATA[199.99]]>
              </value>
            </param>
            <param index="12">
              <value>
                <![CDATA[800]]>
              </value>
            </param>
            <param index="13">
              <value>
                <![CDATA[600]]>
              </value>
            </param>
            <param index="14">
              <value>
                <![CDATA[350]]>
              </value>
            </param>
            <param index="15">
              <value>
                <![CDATA[41]]>
              </value>
            </param>
            <param index="16">
              <value>
                <![CDATA[41000]]>
              </value>
            </param>
            <param index="17">
              <value>
                <![CDATA[YES]]>
              </value>
            </param>
            <param index="18">
              <value>
                <![CDATA[0.2]]>
              </value>
            </param>
            <param index="19">
              <value>
                <![CDATA[Spread rentals with 12 down]]>
              </value>
            </param>
            <param index="20">
              <value>
                <![CDATA[200]]>
              </value>
            </param>
            <param index="21">
              <value>
                <![CDATA[NO]]>
              </value>
            </param>
            <param index="22">
              <value>
                <![CDATA[0]]>
              </value>
            </param>
            <param index="23">
              <value>
                <![CDATA[HPNRBCHQuoteNoEdit]]>
              </value>
            </param>
            <param index="24">
              <value>
                <![CDATA[Formula1-BCH]]>
              </value>
            </param>
          </params>
          <reporter-output>
            <line>
              <![CDATA[<b>************Calculations for Customer Quote Page has been started***********</b> <br />]]>
            </line>
            <line>
              <![CDATA[<b>Payment Profile Monthly in Advance option has been selected</b> <br />]]>
            </line>
            <line>
              <![CDATA[<b>Writing values to Excel for customer quote calculation -started</b> <br />]]>
            </line>
            <line>
              <![CDATA[<b>Writing values to Excel for customer quote calculation -completed</b> <br />]]>
            </line>
            <line>
              <![CDATA[<b>Reading  Monthly Finance Rental and monthly maintenance cost from  Excel   -started</b> <br />]]>
            </line>
            <line>
              <![CDATA[<b>Reading  Monthly Finance Rental and monthly maintenance cost from  Excel  -completed</b> <br />]]>
            </line>
            <line>
              <![CDATA[<b>Monthly Finance Rental from Excel is =614.953868472013</b> <br />]]>
            </line>
            <line>
              <![CDATA[<b>Monthly maintenance Rental from Excel is =435.217391304348</b> <br />]]>
            </line>
            <line>
              <![CDATA[<b>Monthly Finance Rental from screen is =614.96</b> <br />]]>
            </line>
            <line>
              <![CDATA[<b>Monthly maintenance Rental from screen is =435.22</b> <br />]]>
            </line>
            <line>
              <![CDATA[<b>Started verifying monthly payments with upsell values</b> <br />]]>
            </line>
            <line>
              <![CDATA[<b>Monthly Finance Rental from screen (after submitting upsell values) is 628.35</b> <br />]]>
            </line>
            <line>
              <![CDATA[<b>Monthly Mainte. Rental from screen (after submitting upsell values) is 435.22</b> <br />]]>
            </line>
            <line>
              <![CDATA[<b>Writing upsell values to excel</b> <br />]]>
            </line>
            <line>
              <![CDATA[<b>Monthly Finance Rental from Excel (after submitting upsell values) is 628.3514321615935</b> <br />]]>
            </line>
            <line>
              <![CDATA[<b>Monthly Mainte. Rental from Excel (after submitting upsell values) is 435.217391304348</b> <br />]]>
            </line>
            <line>
              <![CDATA[<b>Monthly finance and maint. rental (after submitting upsell values) is found OK</b> <br />]]>
            </line>
            <line>
              <![CDATA[<b>Clicked on Part Exchange panel</b> <br />]]>
            </line>
            <line>
              <![CDATA[<b>Monthly Finance Rental from screen (with part exchange values) is 628.35</b> <br />]]>
            </line>
            <line>
              <![CDATA[<b>Monthly Mainte. Rental from screen (with part exchange values) is 435.22</b> <br />]]>
            </line>
            <line>
              <![CDATA[<b>Writing part exchange values to excel</b> <br />]]>
            </line>
            <line>
              <![CDATA[<b>Monthly Finance Rental from Excel (with part exchange values) is 628.3514321615935</b> <br />]]>
            </line>
            <line>
              <![CDATA[<b>Monthly Mainte. Rental from Excel (with part exchange values) is 435.217391304348</b> <br />]]>
            </line>
            <line>
              <![CDATA[<b>Monthly finance and maint. rental (with part exchange values) is found OK</b> <br />]]>
            </line>
          </reporter-output>
        </test-method> <!-- open_saved_quote_and_edit_customer_quote_editable_values -->
        <test-method signature="open_quote_summary_and_verify_values_after_editing_customer_quote_values(java.lang.String,java.lang.String,java.lang.String,java.lang.String,java.lang.String,java.lang.String,java.lang.String,java.lang.String,java.lang.String,java.lang.String,java.lang.String,java.lang.String,java.lang.String,java.lang.String,java.lang.String,java.lang.String,java.lang.String,java.lang.String,java.lang.String,java.lang.String,java.lang.String,java.lang.String,java.lang.String,java.lang.String,java.lang.String)[pri:6, instance:newCar.HPNR.Acquisition_Quotes_HPNR_BCH_edit_flow_with_maintenance_Test@5b1669c0]" started-at="2023-08-03T19:20:06 IST" name="open_quote_summary_and_verify_values_after_editing_customer_quote_values" data-provider="testDataWithoutFunder" finished-at="2023-08-03T19:21:28 IST" depends-on-methods="newCar.HPNR.Acquisition_Quotes_HPNR_BCH_edit_flow_with_maintenance_Test.open_saved_quote_and_edit_customer_quote_editable_values" duration-ms="82495" status="PASS">
          <params>
            <param index="0">
              <value>
                <![CDATA[65000]]>
              </value>
            </param>
            <param index="1">
              <value>
                <![CDATA[1100]]>
              </value>
            </param>
            <param index="2">
              <value>
                <![CDATA[100]]>
              </value>
            </param>
            <param index="3">
              <value>
                <![CDATA[74]]>
              </value>
            </param>
            <param index="4">
              <value>
                <![CDATA[81]]>
              </value>
            </param>
            <param index="5">
              <value>
                <![CDATA[52000]]>
              </value>
            </param>
            <param index="6">
              <value>
                <![CDATA[440]]>
              </value>
            </param>
            <param index="7">
              <value>
                <![CDATA[10000]]>
              </value>
            </param>
            <param index="8">
              <value>
                <![CDATA[6000]]>
              </value>
            </param>
            <param index="9">
              <value>
                <![CDATA[2000]]>
              </value>
            </param>
            <param index="10">
              <value>
                <![CDATA[1000]]>
              </value>
            </param>
            <param index="11">
              <value>
                <![CDATA[199.99]]>
              </value>
            </param>
            <param index="12">
              <value>
                <![CDATA[800]]>
              </value>
            </param>
            <param index="13">
              <value>
                <![CDATA[600]]>
              </value>
            </param>
            <param index="14">
              <value>
                <![CDATA[350]]>
              </value>
            </param>
            <param index="15">
              <value>
                <![CDATA[41]]>
              </value>
            </param>
            <param index="16">
              <value>
                <![CDATA[41000]]>
              </value>
            </param>
            <param index="17">
              <value>
                <![CDATA[YES]]>
              </value>
            </param>
            <param index="18">
              <value>
                <![CDATA[0.2]]>
              </value>
            </param>
            <param index="19">
              <value>
                <![CDATA[Spread rentals with 12 down]]>
              </value>
            </param>
            <param index="20">
              <value>
                <![CDATA[200]]>
              </value>
            </param>
            <param index="21">
              <value>
                <![CDATA[NO]]>
              </value>
            </param>
            <param index="22">
              <value>
                <![CDATA[0]]>
              </value>
            </param>
            <param index="23">
              <value>
                <![CDATA[HPNRBCHQuoteNoEdit]]>
              </value>
            </param>
            <param index="24">
              <value>
                <![CDATA[Formula1-BCH]]>
              </value>
            </param>
          </params>
          <reporter-output>
            <line>
              <![CDATA[<b>*************OTR Calulation on quote summary page has been started************</b> <br />]]>
            </line>
            <line>
              <![CDATA[<b>Reading values from OTR calculation -Quote Summary Page</b> <br />]]>
            </line>
            <line>
              <![CDATA[<b></b> <br />]]>
            </line>
            <line>
              <![CDATA[<b>Cost otr price from screen is 59040.0</b> <br />]]>
            </line>
            <line>
              <![CDATA[<b>Cost price ex vat and rfl from screen is 48237.5</b> <br />]]>
            </line>
            <line>
              <![CDATA[<b>Otr Vat from screen is 9647.5</b> <br />]]>
            </line>
            <line>
              <![CDATA[<b>Otr rfl and frf from screen is 1155.0</b> <br />]]>
            </line>
            <line>
              <![CDATA[<b></b> <br />]]>
            </line>
            <line>
              <![CDATA[<b>Cost otr price from excel is 59040.0</b> <br />]]>
            </line>
            <line>
              <![CDATA[<b>Cost price ex vat and rfl from excel is 48237.5</b> <br />]]>
            </line>
            <line>
              <![CDATA[<b>Otr Vat from excel is 9647.5</b> <br />]]>
            </line>
            <line>
              <![CDATA[<b>Otr rfl and frf from excel is 1155.0</b> <br />]]>
            </line>
            <line>
              <![CDATA[<b></b> <br />]]>
            </line>
            <line>
              <![CDATA[<b>OTR price compared</b> <br />]]>
            </line>
            <line>
              <![CDATA[<b>Cost price ex vat and rfl compared</b> <br />]]>
            </line>
            <line>
              <![CDATA[<b>VAT compared</b> <br />]]>
            </line>
            <line>
              <![CDATA[<b>RFL & FRF compared</b> <br />]]>
            </line>
            <line>
              <![CDATA[<b>*************Holding Cost Calulation on quote summary page has been started************</b> <br />]]>
            </line>
            <line>
              <![CDATA[<b>Reading values from Holding Cost summary -Quote Summary Page</b> <br />]]>
            </line>
            <line>
              <![CDATA[<b></b> <br />]]>
            </line>
            <line>
              <![CDATA[<b>Holding cost Terms from screen35.0</b> <br />]]>
            </line>
            <line>
              <![CDATA[<b>Holding cost miles per annum from screen is 35000.0</b> <br />]]>
            </line>
            <line>
              <![CDATA[<b>Holding cost monthly finance cost from screen is 451.17</b> <br />]]>
            </line>
            <line>
              <![CDATA[<b>Holding cost monthly maint cost used from screen is 440.0</b> <br />]]>
            </line>
            <line>
              <![CDATA[<b>Holding cost total monthly holding cost from screen is 891.17</b> <br />]]>
            </line>
            <line>
              <![CDATA[<b></b> <br />]]>
            </line>
            <line>
              <![CDATA[<b>Holding cost Terms from excel is 35.0</b> <br />]]>
            </line>
            <line>
              <![CDATA[<b>Holding cost miles per annum from excel is 35000.0</b> <br />]]>
            </line>
            <line>
              <![CDATA[<b>Holding cost monthly finance cost from excel is 451.16615229972996</b> <br />]]>
            </line>
            <line>
              <![CDATA[<b>Holding cost monthly maint cost used from excel is 440.0</b> <br />]]>
            </line>
            <line>
              <![CDATA[<b>Holding cost total monthly holding cost from excel is 891.1661522997299</b> <br />]]>
            </line>
            <line>
              <![CDATA[<b>terms compared</b> <br />]]>
            </line>
            <line>
              <![CDATA[<b>Miles per annum compared</b> <br />]]>
            </line>
            <line>
              <![CDATA[<b>Finance cost compared</b> <br />]]>
            </line>
            <line>
              <![CDATA[<b>Maint cost used  compared</b> <br />]]>
            </line>
            <line>
              <![CDATA[<b>Total Monthly Holding Cost compared</b> <br />]]>
            </line>
            <line>
              <![CDATA[<b></b> <br />]]>
            </line>
            <line>
              <![CDATA[<b>********Balance Due value started verifying**********</b> <br />]]>
            </line>
            <line>
              <![CDATA[<b>Balance due value Actual from screen is -2760.01</b> <br />]]>
            </line>
            <line>
              <![CDATA[<b></b> <br />]]>
            </line>
            <line>
              <![CDATA[<b>Balance due value Expected from Excel is -2760.0119999999997</b> <br />]]>
            </line>
            <line>
              <![CDATA[<b></b> <br />]]>
            </line>
            <line>
              <![CDATA[<b>Balance due value (with part exchange values) is verified and found ok</b> <br />]]>
            </line>
            <line>
              <![CDATA[<b>*************Customer Quote Calulation on quote summary page has been started************</b> <br />]]>
            </line>
            <line>
              <![CDATA[<b>Terms found OK</b> <br />]]>
            </line>
            <line>
              <![CDATA[<b>miles found OK</b> <br />]]>
            </line>
            <line>
              <![CDATA[<b>Monthly Finance Rental found OK</b> <br />]]>
            </line>
            <line>
              <![CDATA[<b>Monthly Maintenance Rental found OK</b> <br />]]>
            </line>
            <line>
              <![CDATA[<b>Initial Finance Rental found OK</b> <br />]]>
            </line>
            <line>
              <![CDATA[<b>Initial Maint Rental found OK</b> <br />]]>
            </line>
            <line>
              <![CDATA[<b>Initial Total Rental found OK</b> <br />]]>
            </line>
            <line>
              <![CDATA[<b>Part Exchange Value - found OK</b> <br />]]>
            </line>
            <line>
              <![CDATA[<b>Followed By months - found OK</b> <br />]]>
            </line>
            <line>
              <![CDATA[<b>Pence per excess mile finance - found OK</b> <br />]]>
            </line>
            <line>
              <![CDATA[<b>Pence per excess mile Maintenance - found OK</b> <br />]]>
            </line>
            <line>
              <![CDATA[<b>Pence per excess mile total - found OK</b> <br />]]>
            </line>
            <line>
              <![CDATA[<b>Document Fee - found OK</b> <br />]]>
            </line>
            <line>
              <![CDATA[<b>Upsell - found OK</b> <br />]]>
            </line>
            <line>
              <![CDATA[<b>Default Finance Commission - found OK</b> <br />]]>
            </line>
            <line>
              <![CDATA[<b>Upsell Commission - found OK</b> <br />]]>
            </line>
            <line>
              <![CDATA[<b>Maintenance Commission - found OK</b> <br />]]>
            </line>
            <line>
              <![CDATA[<b>Document Fee Commission - found OK</b> <br />]]>
            </line>
            <line>
              <![CDATA[<b>Total Commission - found OK</b> <br />]]>
            </line>
            <line>
              <![CDATA[<b>Referrer Commission - found OK</b> <br />]]>
            </line>
            <line>
              <![CDATA[<b>*************Configuration Values Verification on quote summary page has been started************</b> <br />]]>
            </line>
            <line>
              <![CDATA[<b>Base Interest Rate found OK</b> <br />]]>
            </line>
            <line>
              <![CDATA[<b>Finance Margin found OK</b> <br />]]>
            </line>
            <line>
              <![CDATA[<b>Deductions found OK</b> <br />]]>
            </line>
            <line>
              <![CDATA[<b>Additional Margin found OK</b> <br />]]>
            </line>
            <line>
              <![CDATA[<b>Total Margin found OK</b> <br />]]>
            </line>
            <line>
              <![CDATA[<b>Default Broker Margin percentage found OK</b> <br />]]>
            </line>
            <line>
              <![CDATA[<b>Broker Upsell Margin percentage found OK</b> <br />]]>
            </line>
            <line>
              <![CDATA[<b>Broker Upsell Margin  found OK</b> <br />]]>
            </line>
            <line>
              <![CDATA[<b>Maintenance Margin  found OK</b> <br />]]>
            </line>
            <line>
              <![CDATA[<b>Document Fee Margin  found OK</b> <br />]]>
            </line>
            <line>
              <![CDATA[<b>Refferer Margin  found OK</b> <br />]]>
            </line>
          </reporter-output>
        </test-method> <!-- open_quote_summary_and_verify_values_after_editing_customer_quote_values -->
        <test-method is-config="true" signature="end()[pri:0, instance:newCar.HPNR.Acquisition_Quotes_HPNR_BCH_edit_flow_with_maintenance_Test@5b1669c0]" started-at="2023-08-03T19:21:28 IST" name="end" finished-at="2023-08-03T19:21:28 IST" duration-ms="1" status="PASS">
          <reporter-output>
          </reporter-output>
        </test-method> <!-- end -->
      </class> <!-- newCar.HPNR.Acquisition_Quotes_HPNR_BCH_edit_flow_with_maintenance_Test -->
    </test> <!-- Default test -->
  </suite> <!-- Default suite -->
</testng-results>
